[NbConvertApp] Converting notebook cell2location_multislide_optimized_pt1b_multi_ref_deconvolution_N2_alpha20.ipynb to notebook
Error: limit must be in the range of 1 to 5600
CPUlimit version 2.4
Usage: cpulimit TARGET [OPTIONS...] [-- PROGRAM]
   TARGET must be exactly one of these:
      -p, --pid=N        pid of the process
      -e, --exe=FILE     name of the executable program file
                         The -e option only works when
                         cpulimit is run with admin rights.
      -P, --path=PATH    absolute path name of the
                         executable program file
   OPTIONS
      -b  --background   run in background
      -f  --foreground   launch target process in foreground and wait for it to exit
      -c  --cpu=N        override the detection of CPUs on the machine.
      -l, --limit=N      percentage of cpu allowed from 1 up.
                         Usually 1 - 5600, but can be higher
                         on multi-core CPUs (mandatory)
      -m, --monitor-forks  Watch children/forks of the target process
      -q, --quiet        run in quiet mode (only print errors).
      -k, --kill         kill processes going over their limit
                         instead of just throttling them.
      -r, --restore      Restore processes after they have
                         been killed. Works with the -k flag.
      -s, --signal=SIG   Send this signal to the watched process when cpulimit exits.
                         Signal should be specificed as a number or 
                         SIGTERM, SIGCONT, SIGSTOP, etc. SIGCONT is the default.
      -v, --verbose      show control statistics
      -z, --lazy         exit if there is no suitable target process,
                         or if it dies
          --             This is the final CPUlimit option. All following
                         options are for another program we will launch.
      -h, --help         display this help and exit
Process 2330334 dead!
Process 2330334 detected
[NbConvertApp] Writing 236884 bytes to cell2location_multislide_optimized_pt1b_multi_ref_deconvolution_N2_alpha20.nbconvert.ipynb
[NbConvertApp] Converting notebook cell2location_multislide_optimized_pt1b_multi_ref_deconvolution_N2_alpha20_run2.ipynb to notebook
Process 650441 detected
Exiting...
Process 650441 detected
Exiting...
[NbConvertApp] Writing 9759438 bytes to cell2location_multislide_optimized_pt1b_multi_ref_deconvolution_N2_alpha20_run2.nbconvert.ipynb
Process 650441 dead!
Process 650441 detected
[NbConvertApp] Converting notebook cell2location_multislide_optimized_pt1b_multi_ref_deconvolution_N2_alpha20_cleaned_slides.ipynb to notebook
Process 2103544 dead!
Process 2103544 detected
[NbConvertApp] Converting notebook cell2location_multislide_optimized_pt1b_multi_ref_deconvolution_N2_alpha20_cleaned_slides.ipynb to notebook
[NbConvertApp] Writing 95000 bytes to cell2location_multislide_optimized_pt1b_multi_ref_deconvolution_N2_alpha20_cleaned_slides.nbconvert.ipynb
[NbConvertApp] Converting notebook cell2location_multislide_optimized_pt1b_multi_ref_deconvolution_N2_alpha20_cleaned_slides.ipynb to notebook
[NbConvertApp] Writing 2413479 bytes to cell2location_multislide_optimized_pt1b_multi_ref_deconvolution_N2_alpha20_cleaned_slides.nbconvert.ipynb
[NbConvertApp] Converting notebook cell2location_multislide_optimized_pt1b_multi_ref_deconvolution_N2_alpha20_cleaned_slides.ipynb to notebook
Error: limit must be in the range of 1 to 5600
CPUlimit version 2.4
Usage: cpulimit TARGET [OPTIONS...] [-- PROGRAM]
   TARGET must be exactly one of these:
      -p, --pid=N        pid of the process
      -e, --exe=FILE     name of the executable program file
                         The -e option only works when
                         cpulimit is run with admin rights.
      -P, --path=PATH    absolute path name of the
                         executable program file
   OPTIONS
      -b  --background   run in background
      -f  --foreground   launch target process in foreground and wait for it to exit
      -c  --cpu=N        override the detection of CPUs on the machine.
      -l, --limit=N      percentage of cpu allowed from 1 up.
                         Usually 1 - 5600, but can be higher
                         on multi-core CPUs (mandatory)
      -m, --monitor-forks  Watch children/forks of the target process
      -q, --quiet        run in quiet mode (only print errors).
      -k, --kill         kill processes going over their limit
                         instead of just throttling them.
      -r, --restore      Restore processes after they have
                         been killed. Works with the -k flag.
      -s, --signal=SIG   Send this signal to the watched process when cpulimit exits.
                         Signal should be specificed as a number or 
                         SIGTERM, SIGCONT, SIGSTOP, etc. SIGCONT is the default.
      -v, --verbose      show control statistics
      -z, --lazy         exit if there is no suitable target process,
                         or if it dies
          --             This is the final CPUlimit option. All following
                         options are for another program we will launch.
      -h, --help         display this help and exit
Process 1188340 dead!
Process 1188340 detected
[NbConvertApp] Writing 12004632 bytes to cell2location_multislide_optimized_pt1b_multi_ref_deconvolution_N2_alpha20_cleaned_slides.nbconvert.ipynb
[NbConvertApp] Converting notebook cell2location_multislide_optimized_pt1b_multi_ref_deconvolution_N2_alpha20_cleaned_slides_plot_QC_part_only.ipynb to notebook
Process 1230306 dead!
Process 1230306 detected
[NbConvertApp] Writing 2131195 bytes to cell2location_multislide_optimized_pt1b_multi_ref_deconvolution_N2_alpha20_cleaned_slides_plot_QC_part_only.nbconvert.ipynb
[NbConvertApp] Converting notebook cell2location_multislide_optimized_pt2_multi_ref_N2_alpha20_cleaned_slides.ipynb to notebook
[NbConvertApp] Writing 34276713 bytes to cell2location_multislide_optimized_pt2_multi_ref_N2_alpha20_cleaned_slides.nbconvert.ipynb
[NbConvertApp] Converting notebook cell2location_multislide_optimized_pt2_multi_ref_N2_alpha20_cleaned_slides.ipynb to notebook
[NbConvertApp] Writing 34196289 bytes to cell2location_multislide_optimized_pt2_multi_ref_N2_alpha20_cleaned_slides.nbconvert.ipynb
[NbConvertApp] Converting notebook cell2location_multislide_optimized_pt2_multi_ref_N2_alpha20_cleaned_slides.ipynb to notebook
[NbConvertApp] Writing 35890654 bytes to cell2location_multislide_optimized_pt2_multi_ref_N2_alpha20_cleaned_slides.nbconvert.ipynb
[NbConvertApp] Converting notebook cell2location_multislide_optimized_pt1b_multi_ref_deconvolution_N2_alpha20_cleaned_slides_v2.ipynb to notebook
Process 1036095 dead!
Process 1036095 detected
[NbConvertApp] Writing 12269797 bytes to cell2location_multislide_optimized_pt1b_multi_ref_deconvolution_N2_alpha20_cleaned_slides_v2.nbconvert.ipynb
[NbConvertApp] Converting notebook cell2location_multislide_optimized_pt2_multi_ref_N2_alpha20_cleaned_slides_v2.ipynb to notebook
[NbConvertApp] Converting notebook cell2location_multislide_optimized_pt2_multi_ref_N2_alpha20_cleaned_slides_v2.ipynb to notebook
[NbConvertApp] Writing 35184385 bytes to cell2location_multislide_optimized_pt2_multi_ref_N2_alpha20_cleaned_slides_v2.nbconvert.ipynb
