[NbConvertApp] Converting notebook cell2location_multislide_optimized_pt1b_multi_ref_deconvolution_N2_alpha20.ipynb to notebook
[NbConvertApp] Writing 233128 bytes to cell2location_multislide_optimized_pt1b_multi_ref_deconvolution_N2_alpha20.nbconvert.ipynb
[NbConvertApp] Converting notebook cell2location_multislide_optimized_pt1b_multi_ref_deconvolution_N2_alpha20.ipynb to notebook
[NbConvertApp] Writing 6502071 bytes to cell2location_multislide_optimized_pt1b_multi_ref_deconvolution_N2_alpha20.nbconvert.ipynb
[NbConvertApp] Converting notebook cell2location_multislide_optimized_pt1b_multi_ref_deconvolution_N2_alpha20.ipynb to notebook
Process 2898865 dead!
Process 2898865 detected
[NbConvertApp] Converting notebook cell2location_multislide_optimized_pt1b_multi_ref_deconvolution_N2_alpha20.ipynb to notebook
Process 3155199 dead!
Process 3155199 detected
[NbConvertApp] Writing 6708098 bytes to cell2location_multislide_optimized_pt1b_multi_ref_deconvolution_N2_alpha20.nbconvert.ipynb
[NbConvertApp] Converting notebook cell2location_multislide_optimized_pt1b_multi_ref_deconvolution_N2_alpha200.ipynb to notebook
[NbConvertApp] Converting notebook cell2location_multislide_optimized_pt2_multi_ref_N2_alpha20_tmp.ipynb to notebook
[NbConvertApp] Writing 21114486 bytes to cell2location_multislide_optimized_pt2_multi_ref_N2_alpha20_tmp.nbconvert.ipynb
[NbConvertApp] Converting notebook cell2location_multislide_optimized_pt2_multi_ref_N2_alpha20_tmp.ipynb to notebook
[NbConvertApp] Writing 22307038 bytes to cell2location_multislide_optimized_pt2_multi_ref_N2_alpha20_tmp.nbconvert.ipynb
Process 4174964 dead!
Process 4174964 detected
[NbConvertApp] Writing 6692141 bytes to cell2location_multislide_optimized_pt1b_multi_ref_deconvolution_N2_alpha200.nbconvert.ipynb
[NbConvertApp] Converting notebook cell2location_multislide_optimized_pt2_multi_ref_N2_alpha200.ipynb to notebook
[NbConvertApp] Converting notebook cell2location_multislide_optimized_pt2_multi_ref_N2_alpha20.ipynb to notebook
[NbConvertApp] Writing 22337653 bytes to cell2location_multislide_optimized_pt2_multi_ref_N2_alpha20.nbconvert.ipynb
[NbConvertApp] Writing 22444758 bytes to cell2location_multislide_optimized_pt2_multi_ref_N2_alpha200.nbconvert.ipynb
[NbConvertApp] Converting notebook cell2location_multislide_optimized_pt1b_multi_ref_deconvolution_N2_alpha20_normalized_counts.ipynb to notebook
[NbConvertApp] Writing 861890 bytes to cell2location_multislide_optimized_pt1b_multi_ref_deconvolution_N2_alpha20_normalized_counts.nbconvert.ipynb
[NbConvertApp] Converting notebook cell2location_multislide_optimized_pt1b_multi_ref_deconvolution_N2_alpha20_normalized_counts.ipynb to notebook
[NbConvertApp] Writing 5768281 bytes to cell2location_multislide_optimized_pt1b_multi_ref_deconvolution_N2_alpha20_normalized_counts.nbconvert.ipynb
[NbConvertApp] Converting notebook cell2location_multislide_optimized_pt2_multi_ref_N2_alpha20_normalized_counts.ipynb to notebook
[NbConvertApp] Writing 22400341 bytes to cell2location_multislide_optimized_pt2_multi_ref_N2_alpha20_normalized_counts.nbconvert.ipynb
[NbConvertApp] Converting notebook cell2location_multislide_optimized_pt1b_multi_ref_deconvolution_N2_alpha20_neg_binomial_normalized_counts.ipynb to notebook
[NbConvertApp] Converting notebook cell2location_multislide_optimized_pt1b_multi_ref_deconvolution_N2_alpha20_neg_binomial_normalized_counts.ipynb to notebook
[NbConvertApp] Writing 6480788 bytes to cell2location_multislide_optimized_pt1b_multi_ref_deconvolution_N2_alpha20_neg_binomial_normalized_counts.nbconvert.ipynb
[NbConvertApp] Converting notebook cell2location_multislide_optimized_pt2_multi_ref_N2_alpha20_neg_binomial_normalized_counts.ipynb to notebook
[NbConvertApp] Writing 22248841 bytes to cell2location_multislide_optimized_pt2_multi_ref_N2_alpha20_neg_binomial_normalized_counts.nbconvert.ipynb
[NbConvertApp] Converting notebook cell2location_multislide_optimized_pt1b_multi_ref_deconvolution_N2_alpha200_cellxgene_filtered_genesets.ipynb to notebook
[NbConvertApp] Writing 6643746 bytes to cell2location_multislide_optimized_pt1b_multi_ref_deconvolution_N2_alpha200_cellxgene_filtered_genesets.nbconvert.ipynb
[NbConvertApp] Converting notebook cell2location_multislide_optimized_pt2_multi_ref_N2_alpha200_cellxgene_filtered_genesets.ipynb to notebook
[NbConvertApp] Writing 22516800 bytes to cell2location_multislide_optimized_pt2_multi_ref_N2_alpha200_cellxgene_filtered_genesets.nbconvert.ipynb
[NbConvertApp] Converting notebook cell2location_multislide_optimized_pt1b_multi_ref_deconvolution_N2_alpha_0.5.ipynb to notebook
[NbConvertApp] Converting notebook cell2location_multislide_optimized_pt1b_multi_ref_deconvolution_N2_alpha_5.ipynb to notebook
Process 3357491 dead!
Process 3357491 detected
[NbConvertApp] Writing 6583938 bytes to cell2location_multislide_optimized_pt1b_multi_ref_deconvolution_N2_alpha_5.nbconvert.ipynb
Process 3353039 dead!
Process 3353039 detected
[NbConvertApp] Writing 6388197 bytes to cell2location_multislide_optimized_pt1b_multi_ref_deconvolution_N2_alpha_0.5.nbconvert.ipynb
[NbConvertApp] Converting notebook cell2location_multislide_optimized_pt1b_multi_ref_deconvolution_N2_alpha0.5.ipynb to notebook
[NbConvertApp] Converting notebook cell2location_multislide_optimized_pt1b_multi_ref_deconvolution_N2_alpha5.ipynb to notebook
Process 3214398 dead!
Process 3214398 detected
[NbConvertApp] Writing 6701684 bytes to cell2location_multislide_optimized_pt1b_multi_ref_deconvolution_N2_alpha0.5.nbconvert.ipynb
Process 3233126 dead!
Process 3233126 detected
[NbConvertApp] Writing 6702482 bytes to cell2location_multislide_optimized_pt1b_multi_ref_deconvolution_N2_alpha5.nbconvert.ipynb
